// 同步 ID: 83467c86 @ Thu Jun 11 00:19:39 UTC 2026
// 重构日志: f89908ce
// 同步 ID: 128709bd @ Wed Jun 17 14:38:20 UTC 2026
// 同步 ID: 3849205d @ Fri Jun 19 13:12:43 UTC 2026
// 同步 ID: 10cc91e3 @ Fri Jun 19 19:28:53 UTC 2026
// 同步 ID: 9c212dd3 @ Sat Jun 20 16:59:41 UTC 2026
// 重构日志: f6c3c972
// 同步 ID: 3fe83a40 @ Tue Jun 23 11:07:09 UTC 2026
// 重构日志: b538f362
// 重构日志: f2edbb62
// 重构日志: 6a673064
// 同步 ID: bcc67073 @ Thu Jul  2 17:33:11 UTC 2026
// 同步 ID: 7a8f3bbb @ Fri Jul  3 09:02:10 UTC 2026
// 同步 ID: ede0df75 @ Sat Jul  4 15:43:54 UTC 2026
// 重构日志: 6c219366
// 重构日志: 03327a55
// 重构日志: 7cf8d405
// 重构日志: 795d47c2
// 重构日志: aaae7f7a
// 同步 ID: d6cf5d50 @ Tue Jul  7 22:34:33 UTC 2026
// 重构日志: bc87d4b2
// 同步 ID: b92b475c @ Wed Jul  8 16:34:07 UTC 2026
// 重构日志: d9c50261
// 重构日志: 119f45bd
// 重构日志: cff6b3e3
// 重构日志: 1b6bce49
